<?xml version="1.0" ?>
<coverage version="7.10.7" timestamp="1758826564021" lines-valid="1737" lines-covered="966" line-rate="0.5561" branches-valid="670" branches-covered="244" branch-rate="0.3642" complexity="0">
	<!-- Generated by coverage.py: https://coverage.readthedocs.io/en/7.10.7 -->
	<!-- Based on https://raw.githubusercontent.com/cobertura/web/master/htdocs/xml/coverage-04.dtd -->
	<sources>
		<source>C:\Users\dtany\attrs\src\attr</source>
	</sources>
	<packages>
		<package name="." line-rate="0.5561" branch-rate="0.3642" complexity="0">
			<classes>
				<class name="__init__.py" filename="__init__.py" complexity="0" line-rate="0.8214" branch-rate="0.25">
					<methods/>
					<lines>
						<line number="7" hits="1"/>
						<line number="8" hits="1"/>
						<line number="10" hits="1"/>
						<line number="11" hits="1"/>
						<line number="12" hits="1"/>
						<line number="13" hits="1"/>
						<line number="14" hits="1"/>
						<line number="28" hits="1"/>
						<line number="29" hits="1"/>
						<line number="32" hits="1"/>
						<line number="33" hits="1"/>
						<line number="34" hits="1"/>
						<line number="37" hits="1"/>
						<line number="38" hits="1"/>
						<line number="41" hits="1"/>
						<line number="43" hits="1"/>
						<line number="81" hits="1"/>
						<line number="87" hits="1"/>
						<line number="88" hits="1" branch="true" condition-coverage="50% (1/2)" missing-branches="92"/>
						<line number="89" hits="1"/>
						<line number="90" hits="1"/>
						<line number="92" hits="0"/>
						<line number="94" hits="0"/>
						<line number="96" hits="0" branch="true" condition-coverage="0% (0/2)" missing-branches="97,99"/>
						<line number="97" hits="0"/>
						<line number="99" hits="0"/>
						<line number="101" hits="1"/>
						<line number="104" hits="1"/>
					</lines>
				</class>
				<class name="_cmp.py" filename="_cmp.py" complexity="0" line-rate="0.1731" branch-rate="0">
					<methods/>
					<lines>
						<line number="4" hits="1"/>
						<line number="5" hits="1"/>
						<line number="7" hits="1"/>
						<line number="10" hits="1"/>
						<line number="13" hits="1"/>
						<line number="60" hits="0"/>
						<line number="68" hits="0"/>
						<line number="69" hits="0"/>
						<line number="71" hits="0" branch="true" condition-coverage="0% (0/2)" missing-branches="72,76"/>
						<line number="72" hits="0"/>
						<line number="73" hits="0"/>
						<line number="74" hits="0"/>
						<line number="76" hits="0" branch="true" condition-coverage="0% (0/2)" missing-branches="77,80"/>
						<line number="77" hits="0"/>
						<line number="78" hits="0"/>
						<line number="80" hits="0" branch="true" condition-coverage="0% (0/2)" missing-branches="81,84"/>
						<line number="81" hits="0"/>
						<line number="82" hits="0"/>
						<line number="84" hits="0" branch="true" condition-coverage="0% (0/2)" missing-branches="85,88"/>
						<line number="85" hits="0"/>
						<line number="86" hits="0"/>
						<line number="88" hits="0" branch="true" condition-coverage="0% (0/2)" missing-branches="89,92"/>
						<line number="89" hits="0"/>
						<line number="90" hits="0"/>
						<line number="92" hits="0"/>
						<line number="97" hits="0" branch="true" condition-coverage="0% (0/2)" missing-branches="98,101"/>
						<line number="98" hits="0"/>
						<line number="101" hits="0" branch="true" condition-coverage="0% (0/2)" missing-branches="102,109"/>
						<line number="102" hits="0" branch="true" condition-coverage="0% (0/2)" missing-branches="105,107"/>
						<line number="105" hits="0"/>
						<line number="106" hits="0"/>
						<line number="107" hits="0"/>
						<line number="109" hits="0"/>
						<line number="112" hits="1"/>
						<line number="117" hits="0"/>
						<line number="121" hits="0"/>
						<line number="123" hits="0"/>
						<line number="126" hits="1"/>
						<line number="131" hits="0"/>
						<line number="132" hits="0" branch="true" condition-coverage="0% (0/2)" missing-branches="133,135"/>
						<line number="133" hits="0"/>
						<line number="135" hits="0"/>
						<line number="136" hits="0" branch="true" condition-coverage="0% (0/2)" missing-branches="137,139"/>
						<line number="137" hits="0"/>
						<line number="139" hits="0"/>
						<line number="141" hits="0"/>
						<line number="142" hits="0"/>
						<line number="146" hits="0"/>
						<line number="149" hits="1"/>
						<line number="153" hits="0"/>
						<line number="156" hits="1"/>
						<line number="160" hits="0"/>
					</lines>
				</class>
				<class name="_compat.py" filename="_compat.py" complexity="0" line-rate="0.8049" branch-rate="0.5">
					<methods/>
					<lines>
						<line number="3" hits="1"/>
						<line number="4" hits="1"/>
						<line number="5" hits="1"/>
						<line number="6" hits="1"/>
						<line number="8" hits="1"/>
						<line number="9" hits="1"/>
						<line number="12" hits="1"/>
						<line number="13" hits="1"/>
						<line number="14" hits="1"/>
						<line number="15" hits="1"/>
						<line number="16" hits="1"/>
						<line number="17" hits="1"/>
						<line number="20" hits="1" branch="true" condition-coverage="50% (1/2)" missing-branches="21"/>
						<line number="21" hits="0"/>
						<line number="26" hits="0"/>
						<line number="27" hits="0"/>
						<line number="33" hits="1"/>
						<line number="37" hits="1"/>
						<line number="40" hits="1"/>
						<line number="46" hits="1"/>
						<line number="48" hits="1"/>
						<line number="49" hits="1"/>
						<line number="50" hits="1"/>
						<line number="51" hits="1"/>
						<line number="52" hits="1"/>
						<line number="54" hits="1"/>
						<line number="58" hits="1" branch="true" condition-coverage="100% (2/2)"/>
						<line number="59" hits="1"/>
						<line number="61" hits="1"/>
						<line number="62" hits="1" branch="true" condition-coverage="50% (1/2)" missing-branches="63"/>
						<line number="63" hits="0"/>
						<line number="65" hits="1"/>
						<line number="67" hits="1"/>
						<line number="71" hits="1" branch="true" condition-coverage="50% (1/2)" missing-branches="75"/>
						<line number="75" hits="0"/>
						<line number="77" hits="1"/>
						<line number="92" hits="1"/>
						<line number="95" hits="1"/>
						<line number="97" hits="0" branch="true" condition-coverage="0% (0/2)" missing-branches="98,99"/>
						<line number="98" hits="0"/>
						<line number="99" hits="0"/>
					</lines>
				</class>
				<class name="_config.py" filename="_config.py" complexity="0" line-rate="0.4444" branch-rate="0">
					<methods/>
					<lines>
						<line number="3" hits="1"/>
						<line number="5" hits="1"/>
						<line number="8" hits="1"/>
						<line number="16" hits="0" branch="true" condition-coverage="0% (0/2)" missing-branches="17,20"/>
						<line number="17" hits="0"/>
						<line number="18" hits="0"/>
						<line number="20" hits="0"/>
						<line number="23" hits="1"/>
						<line number="31" hits="0"/>
					</lines>
				</class>
				<class name="_funcs.py" filename="_funcs.py" complexity="0" line-rate="0.09402" branch-rate="0">
					<methods/>
					<lines>
						<line number="4" hits="1"/>
						<line number="6" hits="1"/>
						<line number="7" hits="1"/>
						<line number="8" hits="1"/>
						<line number="11" hits="1"/>
						<line number="28" hits="1"/>
						<line number="80" hits="0"/>
						<line number="81" hits="0"/>
						<line number="82" hits="0" branch="true" condition-coverage="0% (0/2)" missing-branches="83,151"/>
						<line number="83" hits="0"/>
						<line number="84" hits="0" branch="true" condition-coverage="0% (0/2)" missing-branches="85,87"/>
						<line number="85" hits="0"/>
						<line number="87" hits="0" branch="true" condition-coverage="0% (0/2)" missing-branches="88,90"/>
						<line number="88" hits="0"/>
						<line number="90" hits="0" branch="true" condition-coverage="0% (0/2)" missing-branches="91,150"/>
						<line number="91" hits="0"/>
						<line number="92" hits="0" branch="true" condition-coverage="0% (0/2)" missing-branches="93,94"/>
						<line number="93" hits="0"/>
						<line number="94" hits="0" branch="true" condition-coverage="0% (0/2)" missing-branches="95,103"/>
						<line number="95" hits="0"/>
						<line number="103" hits="0" branch="true" condition-coverage="0% (0/2)" missing-branches="104,124"/>
						<line number="104" hits="0"/>
						<line number="105" hits="0"/>
						<line number="116" hits="0"/>
						<line number="117" hits="0"/>
						<line number="118" hits="0"/>
						<line number="119" hits="0" branch="true" condition-coverage="0% (0/2)" missing-branches="120,123"/>
						<line number="120" hits="0"/>
						<line number="123" hits="0"/>
						<line number="124" hits="0" branch="true" condition-coverage="0% (0/2)" missing-branches="125,148"/>
						<line number="125" hits="0"/>
						<line number="126" hits="0"/>
						<line number="148" hits="0"/>
						<line number="150" hits="0"/>
						<line number="151" hits="0"/>
						<line number="154" hits="1"/>
						<line number="165" hits="0"/>
						<line number="166" hits="0" branch="true" condition-coverage="0% (0/2)" missing-branches="167,170"/>
						<line number="167" hits="0"/>
						<line number="168" hits="0" branch="true" condition-coverage="0% (0/2)" missing-branches="169,229"/>
						<line number="169" hits="0"/>
						<line number="170" hits="0" branch="true" condition-coverage="0% (0/2)" missing-branches="172,180"/>
						<line number="172" hits="0"/>
						<line number="180" hits="0" branch="true" condition-coverage="0% (0/2)" missing-branches="181,201"/>
						<line number="181" hits="0" branch="true" condition-coverage="0% (0/2)" missing-branches="182,183"/>
						<line number="182" hits="0"/>
						<line number="183" hits="0" branch="true" condition-coverage="0% (0/2)" missing-branches="184,186"/>
						<line number="184" hits="0"/>
						<line number="186" hits="0"/>
						<line number="188" hits="0"/>
						<line number="201" hits="0" branch="true" condition-coverage="0% (0/2)" missing-branches="202,225"/>
						<line number="202" hits="0"/>
						<line number="203" hits="0"/>
						<line number="225" hits="0"/>
						<line number="226" hits="0" branch="true" condition-coverage="0% (0/2)" missing-branches="227,229"/>
						<line number="227" hits="0"/>
						<line number="229" hits="0"/>
						<line number="232" hits="1"/>
						<line number="274" hits="0"/>
						<line number="275" hits="0"/>
						<line number="276" hits="0"/>
						<line number="277" hits="0" branch="true" condition-coverage="0% (0/2)" missing-branches="278,351"/>
						<line number="278" hits="0"/>
						<line number="279" hits="0" branch="true" condition-coverage="0% (0/2)" missing-branches="280,281"/>
						<line number="280" hits="0"/>
						<line number="281" hits="0"/>
						<line number="282" hits="0" branch="true" condition-coverage="0% (0/2)" missing-branches="283,349"/>
						<line number="283" hits="0" branch="true" condition-coverage="0% (0/2)" missing-branches="284,285"/>
						<line number="284" hits="0"/>
						<line number="285" hits="0" branch="true" condition-coverage="0% (0/2)" missing-branches="286,295"/>
						<line number="286" hits="0"/>
						<line number="295" hits="0" branch="true" condition-coverage="0% (0/2)" missing-branches="296,319"/>
						<line number="296" hits="0"/>
						<line number="297" hits="0"/>
						<line number="311" hits="0"/>
						<line number="312" hits="0"/>
						<line number="313" hits="0"/>
						<line number="314" hits="0" branch="true" condition-coverage="0% (0/2)" missing-branches="315,318"/>
						<line number="315" hits="0"/>
						<line number="318" hits="0"/>
						<line number="319" hits="0" branch="true" condition-coverage="0% (0/2)" missing-branches="320,347"/>
						<line number="320" hits="0"/>
						<line number="321" hits="0"/>
						<line number="347" hits="0"/>
						<line number="349" hits="0"/>
						<line number="351" hits="0"/>
						<line number="354" hits="1"/>
						<line number="367" hits="0"/>
						<line number="368" hits="0" branch="true" condition-coverage="0% (0/2)" missing-branches="369,372"/>
						<line number="369" hits="0"/>
						<line number="372" hits="0"/>
						<line number="373" hits="0" branch="true" condition-coverage="0% (0/2)" missing-branches="374,379"/>
						<line number="374" hits="0"/>
						<line number="375" hits="0" branch="true" condition-coverage="0% (0/2)" missing-branches="377,378"/>
						<line number="377" hits="0"/>
						<line number="378" hits="0"/>
						<line number="379" hits="0"/>
						<line number="382" hits="1"/>
						<line number="414" hits="0"/>
						<line number="415" hits="0"/>
						<line number="416" hits="0" branch="true" condition-coverage="0% (0/2)" missing-branches="417,422"/>
						<line number="417" hits="0"/>
						<line number="418" hits="0" branch="true" condition-coverage="0% (0/2)" missing-branches="419,421"/>
						<line number="419" hits="0"/>
						<line number="420" hits="0"/>
						<line number="421" hits="0"/>
						<line number="422" hits="0"/>
						<line number="425" hits="1"/>
						<line number="478" hits="0" branch="true" condition-coverage="0% (0/2)" missing-branches="479,497"/>
						<line number="479" hits="0"/>
						<line number="481" hits="0"/>
						<line number="487" hits="0"/>
						<line number="488" hits="0" branch="true" condition-coverage="0% (0/2)" missing-branches="489,494"/>
						<line number="489" hits="0" branch="true" condition-coverage="0% (0/2)" missing-branches="488,491"/>
						<line number="491" hits="0"/>
						<line number="494" hits="0"/>
						<line number="497" hits="0"/>
					</lines>
				</class>
				<class name="_make.py" filename="_make.py" complexity="0" line-rate="0.6429" branch-rate="0.4933">
					<methods/>
					<lines>
						<line number="3" hits="1"/>
						<line number="5" hits="1"/>
						<line number="6" hits="1"/>
						<line number="7" hits="1"/>
						<line number="8" hits="1"/>
						<line number="9" hits="1"/>
						<line number="10" hits="1"/>
						<line number="11" hits="1"/>
						<line number="12" hits="1"/>
						<line number="13" hits="1"/>
						<line number="14" hits="1"/>
						<line number="16" hits="1"/>
						<line number="17" hits="1"/>
						<line number="18" hits="1"/>
						<line number="22" hits="1"/>
						<line number="23" hits="1"/>
						<line number="31" hits="1"/>
						<line number="40" hits="1"/>
						<line number="41" hits="1"/>
						<line number="42" hits="1"/>
						<line number="51" hits="1"/>
						<line number="53" hits="1"/>
						<line number="56" hits="1"/>
						<line number="58" hits="1"/>
						<line number="61" hits="1"/>
						<line number="72" hits="1"/>
						<line number="74" hits="1"/>
						<line number="75" hits="0"/>
						<line number="77" hits="1"/>
						<line number="78" hits="0"/>
						<line number="81" hits="1"/>
						<line number="82" hits="1"/>
						<line number="89" hits="1"/>
						<line number="101" hits="1"/>
						<line number="102" hits="0"/>
						<line number="105" hits="1"/>
						<line number="163" hits="1"/>
						<line number="167" hits="1" branch="true" condition-coverage="50% (1/2)" missing-branches="168"/>
						<line number="168" hits="0"/>
						<line number="169" hits="0"/>
						<line number="171" hits="1" branch="true" condition-coverage="100% (2/2)"/>
						<line number="172" hits="1" branch="true" condition-coverage="50% (1/2)" missing-branches="173"/>
						<line number="173" hits="0"/>
						<line number="176" hits="0"/>
						<line number="177" hits="1" branch="true" condition-coverage="50% (1/2)" missing-branches="178"/>
						<line number="178" hits="0"/>
						<line number="179" hits="0"/>
						<line number="180" hits="1"/>
						<line number="182" hits="1" branch="true" condition-coverage="50% (1/2)" missing-branches="186"/>
						<line number="183" hits="1"/>
						<line number="186" hits="1" branch="true" condition-coverage="50% (1/2)" missing-branches="187"/>
						<line number="187" hits="0"/>
						<line number="189" hits="1" branch="true" condition-coverage="50% (1/2)" missing-branches="190"/>
						<line number="190" hits="0"/>
						<line number="192" hits="1" branch="true" condition-coverage="50% (1/2)" missing-branches="193"/>
						<line number="193" hits="0"/>
						<line number="195" hits="1"/>
						<line number="215" hits="1"/>
						<line number="225" hits="1"/>
						<line number="226" hits="1"/>
						<line number="229" hits="1"/>
						<line number="239" hits="1"/>
						<line number="243" hits="1"/>
						<line number="244" hits="1"/>
						<line number="245" hits="1"/>
						<line number="246" hits="1"/>
						<line number="252" hits="1"/>
						<line number="253" hits="1" branch="true" condition-coverage="50% (1/2)" missing-branches="256"/>
						<line number="254" hits="1"/>
						<line number="256" hits="0"/>
						<line number="257" hits="0"/>
						<line number="259" hits="1"/>
						<line number="261" hits="1"/>
						<line number="264" hits="1"/>
						<line number="274" hits="1"/>
						<line number="275" hits="1"/>
						<line number="276" hits="1" branch="true" condition-coverage="100% (2/2)"/>
						<line number="278" hits="1"/>
						<line number="279" hits="0"/>
						<line number="281" hits="1"/>
						<line number="282" hits="1"/>
						<line number="287" hits="1"/>
						<line number="288" hits="1"/>
						<line number="289" hits="1"/>
						<line number="290" hits="1"/>
						<line number="293" hits="1"/>
						<line number="301" hits="1"/>
						<line number="304" hits="1" branch="true" condition-coverage="50% (1/2)" missing-branches="305"/>
						<line number="305" hits="0"/>
						<line number="307" hits="1"/>
						<line number="310" hits="1"/>
						<line number="314" hits="1"/>
						<line number="317" hits="1"/>
						<line number="323" hits="1"/>
						<line number="324" hits="1"/>
						<line number="327" hits="1" branch="true" condition-coverage="50% (1/2)" missing-branches="328"/>
						<line number="328" hits="0" branch="true" condition-coverage="0% (0/2)" missing-branches="327,329"/>
						<line number="329" hits="0" branch="true" condition-coverage="0% (0/2)" missing-branches="330,332"/>
						<line number="330" hits="0"/>
						<line number="332" hits="0"/>
						<line number="333" hits="0"/>
						<line number="334" hits="0"/>
						<line number="339" hits="1"/>
						<line number="340" hits="1"/>
						<line number="341" hits="1" branch="true" condition-coverage="50% (1/2)" missing-branches="342"/>
						<line number="342" hits="0" branch="true" condition-coverage="0% (0/2)" missing-branches="343,344"/>
						<line number="343" hits="0"/>
						<line number="344" hits="0"/>
						<line number="345" hits="0"/>
						<line number="347" hits="1"/>
						<line number="350" hits="1"/>
						<line number="361" hits="1"/>
						<line number="362" hits="1"/>
						<line number="365" hits="1" branch="true" condition-coverage="50% (1/2)" missing-branches="366"/>
						<line number="366" hits="0" branch="true" condition-coverage="0% (0/2)" missing-branches="365,367"/>
						<line number="367" hits="0" branch="true" condition-coverage="0% (0/2)" missing-branches="368,370"/>
						<line number="368" hits="0"/>
						<line number="370" hits="0"/>
						<line number="371" hits="0"/>
						<line number="372" hits="0"/>
						<line number="373" hits="0"/>
						<line number="375" hits="1"/>
						<line number="378" hits="1"/>
						<line number="397" hits="1"/>
						<line number="398" hits="1"/>
						<line number="400" hits="1" branch="true" condition-coverage="50% (1/2)" missing-branches="401"/>
						<line number="401" hits="0"/>
						<line number="402" hits="1" branch="true" condition-coverage="100% (2/2)"/>
						<line number="403" hits="1"/>
						<line number="408" hits="1"/>
						<line number="409" hits="1"/>
						<line number="410" hits="1" branch="true" condition-coverage="100% (2/2)"/>
						<line number="411" hits="1" branch="true" condition-coverage="50% (1/2)" missing-branches="412"/>
						<line number="412" hits="0"/>
						<line number="413" hits="1"/>
						<line number="414" hits="1"/>
						<line number="416" hits="1" branch="true" condition-coverage="100% (2/2)"/>
						<line number="417" hits="1"/>
						<line number="418" hits="1"/>
						<line number="420" hits="1"/>
						<line number="421" hits="1" branch="true" condition-coverage="50% (1/2)" missing-branches="422"/>
						<line number="422" hits="0"/>
						<line number="430" hits="1"/>
						<line number="439" hits="1"/>
						<line number="440" hits="1"/>
						<line number="445" hits="1" branch="true" condition-coverage="100% (2/2)"/>
						<line number="446" hits="1"/>
						<line number="450" hits="1"/>
						<line number="454" hits="1" branch="true" condition-coverage="50% (1/2)" missing-branches="455"/>
						<line number="455" hits="0"/>
						<line number="456" hits="0"/>
						<line number="458" hits="1"/>
						<line number="460" hits="1" branch="true" condition-coverage="50% (1/2)" missing-branches="461"/>
						<line number="461" hits="0"/>
						<line number="468" hits="1"/>
						<line number="469" hits="1" branch="true" condition-coverage="100% (2/2)"/>
						<line number="470" hits="1" branch="true" condition-coverage="50% (1/2)" missing-branches="471"/>
						<line number="471" hits="0"/>
						<line number="472" hits="0"/>
						<line number="474" hits="1" branch="true" condition-coverage="100% (2/2)"/>
						<line number="475" hits="1"/>
						<line number="480" hits="1" branch="true" condition-coverage="100% (2/2)"/>
						<line number="481" hits="1" branch="true" condition-coverage="50% (1/2)" missing-branches="480"/>
						<line number="483" hits="1"/>
						<line number="487" hits="1"/>
						<line number="488" hits="1"/>
						<line number="490" hits="1"/>
						<line number="493" hits="1"/>
						<line number="494" hits="0"/>
						<line number="507" hits="0" branch="true" condition-coverage="0% (0/2)" missing-branches="508,512"/>
						<line number="508" hits="0"/>
						<line number="512" hits="0"/>
						<line number="525" hits="0"/>
						<line number="532" hits="0"/>
						<line number="534" hits="0"/>
						<line number="540" hits="0"/>
						<line number="545" hits="1"/>
						<line number="549" hits="1" branch="true" condition-coverage="50% (1/2)" missing-branches="556"/>
						<line number="556" hits="0"/>
						<line number="557" hits="0"/>
						<line number="559" hits="1"/>
						<line number="562" hits="1"/>
						<line number="566" hits="0" branch="true" condition-coverage="0% (0/2)" missing-branches="567,570"/>
						<line number="567" hits="0"/>
						<line number="568" hits="0"/>
						<line number="570" hits="0"/>
						<line number="573" hits="1"/>
						<line number="610" hits="0"/>
						<line number="611" hits="0"/>
						<line number="612" hits="0"/>
						<line number="613" hits="0"/>
						<line number="616" hits="0"/>
						<line number="618" hits="0"/>
						<line number="619" hits="0"/>
						<line number="620" hits="0" branch="true" condition-coverage="0% (0/2)" missing-branches="621,628"/>
						<line number="621" hits="0" branch="true" condition-coverage="0% (0/2)" missing-branches="622,623"/>
						<line number="622" hits="0"/>
						<line number="623" hits="0"/>
						<line number="624" hits="0"/>
						<line number="625" hits="0" branch="true" condition-coverage="0% (0/2)" missing-branches="620,626"/>
						<line number="626" hits="0"/>
						<line number="628" hits="0"/>
						<line number="631" hits="1"/>
						<line number="636" hits="1"/>
						<line number="660" hits="1"/>
						<line number="678" hits="1"/>
						<line number="688" hits="1"/>
						<line number="689" hits="1"/>
						<line number="690" hits="1"/>
						<line number="691" hits="1"/>
						<line number="692" hits="1"/>
						<line number="693" hits="1"/>
						<line number="694" hits="1"/>
						<line number="695" hits="1"/>
						<line number="696" hits="1"/>
						<line number="697" hits="1"/>
						<line number="698" hits="1"/>
						<line number="699" hits="1"/>
						<line number="700" hits="1" branch="true" condition-coverage="50% (1/2)" missing-branches="703"/>
						<line number="703" hits="0"/>
						<line number="704" hits="0"/>
						<line number="705" hits="0"/>
						<line number="706" hits="1"/>
						<line number="707" hits="1"/>
						<line number="708" hits="1"/>
						<line number="709" hits="1"/>
						<line number="711" hits="1"/>
						<line number="712" hits="1"/>
						<line number="714" hits="1"/>
						<line number="716" hits="1" branch="true" condition-coverage="100% (2/2)"/>
						<line number="717" hits="1"/>
						<line number="718" hits="1"/>
						<line number="720" hits="1"/>
						<line number="721" hits="1" branch="true" condition-coverage="100% (2/2)"/>
						<line number="726" hits="1"/>
						<line number="727" hits="1" branch="true" condition-coverage="50% (1/2)" missing-branches="735"/>
						<line number="728" hits="1" branch="true" condition-coverage="100% (2/2)"/>
						<line number="729" hits="1"/>
						<line number="730" hits="1" branch="true" condition-coverage="50% (1/2)" missing-branches="733"/>
						<line number="731" hits="1"/>
						<line number="733" hits="1" branch="true" condition-coverage="100% (2/2)"/>
						<line number="734" hits="1"/>
						<line number="735" hits="1" branch="true" condition-coverage="50% (1/2)" missing-branches="746"/>
						<line number="746" hits="0"/>
						<line number="748" hits="1" branch="true" condition-coverage="100% (2/2)"/>
						<line number="749" hits="1"/>
						<line number="755" hits="1"/>
						<line number="758" hits="1"/>
						<line number="762" hits="1" branch="true" condition-coverage="50% (1/2)" missing-branches="765"/>
						<line number="765" hits="0"/>
						<line number="767" hits="1"/>
						<line number="769" hits="1"/>
						<line number="770" hits="0"/>
						<line number="772" hits="1"/>
						<line number="776" hits="1"/>
						<line number="777" hits="1"/>
						<line number="778" hits="1" branch="true" condition-coverage="100% (2/2)"/>
						<line number="779" hits="1"/>
						<line number="781" hits="1"/>
						<line number="787" hits="1" branch="true" condition-coverage="100% (2/2)"/>
						<line number="788" hits="1"/>
						<line number="790" hits="1"/>
						<line number="796" hits="1"/>
						<line number="797" hits="1" branch="true" condition-coverage="100% (2/2)"/>
						<line number="798" hits="1"/>
						<line number="800" hits="1"/>
						<line number="801" hits="1" branch="true" condition-coverage="50% (1/2)" missing-branches="806"/>
						<line number="802" hits="1"/>
						<line number="806" hits="1" branch="true" condition-coverage="50% (1/2)" missing-branches="810"/>
						<line number="810" hits="0"/>
						<line number="812" hits="1"/>
						<line number="814" hits="1"/>
						<line number="818" hits="1"/>
						<line number="819" hits="1"/>
						<line number="822" hits="1" branch="true" condition-coverage="50% (1/2)" missing-branches="835"/>
						<line number="823" hits="1" branch="true" condition-coverage="50% (1/2)" missing-branches="824"/>
						<line number="824" hits="0" branch="true" condition-coverage="0% (0/2)" missing-branches="823,831"/>
						<line number="831" hits="0"/>
						<line number="832" hits="0"/>
						<line number="835" hits="1" branch="true" condition-coverage="100% (2/2)"/>
						<line number="836" hits="1"/>
						<line number="840" hits="1" branch="true" condition-coverage="50% (1/2)" missing-branches="843"/>
						<line number="843" hits="0"/>
						<line number="845" hits="0" branch="true" condition-coverage="0% (0/2)" missing-branches="846,848"/>
						<line number="846" hits="0"/>
						<line number="848" hits="1"/>
						<line number="850" hits="1"/>
						<line number="854" hits="1"/>
						<line number="861" hits="1" branch="true" condition-coverage="50% (1/2)" missing-branches="862"/>
						<line number="862" hits="0"/>
						<line number="872" hits="1" branch="true" condition-coverage="100% (2/2)"/>
						<line number="873" hits="1"/>
						<line number="875" hits="1" branch="true" condition-coverage="50% (1/2)" missing-branches="883"/>
						<line number="876" hits="1" branch="true" condition-coverage="100% (2/2)"/>
						<line number="877" hits="1" branch="true" condition-coverage="50% (1/2)" missing-branches="878"/>
						<line number="878" hits="0"/>
						<line number="879" hits="0"/>
						<line number="883" hits="1"/>
						<line number="884" hits="1"/>
						<line number="885" hits="1" branch="true" condition-coverage="50% (1/2)" missing-branches="886"/>
						<line number="886" hits="0" branch="true" condition-coverage="0% (0/2)" missing-branches="887,888"/>
						<line number="887" hits="0"/>
						<line number="888" hits="0"/>
						<line number="895" hits="1"/>
						<line number="897" hits="1"/>
						<line number="898" hits="1" branch="true" condition-coverage="50% (1/2)" missing-branches="906"/>
						<line number="904" hits="1"/>
						<line number="906" hits="1"/>
						<line number="914" hits="1"/>
						<line number="915" hits="1" branch="true" condition-coverage="50% (1/2)" missing-branches="916"/>
						<line number="916" hits="0"/>
						<line number="917" hits="0" branch="true" condition-coverage="0% (0/2)" missing-branches="919,927"/>
						<line number="919" hits="0"/>
						<line number="921" hits="0"/>
						<line number="922" hits="0"/>
						<line number="923" hits="0"/>
						<line number="924" hits="0" branch="true" condition-coverage="0% (0/2)" missing-branches="917,925"/>
						<line number="925" hits="0"/>
						<line number="927" hits="0"/>
						<line number="928" hits="0" branch="true" condition-coverage="0% (0/2)" missing-branches="929,931"/>
						<line number="929" hits="0"/>
						<line number="931" hits="0"/>
						<line number="937" hits="1"/>
						<line number="943" hits="1"/>
						<line number="948" hits="1"/>
						<line number="949" hits="1"/>
						<line number="950" hits="1" branch="true" condition-coverage="50% (1/2)" missing-branches="951"/>
						<line number="951" hits="0"/>
						<line number="953" hits="1"/>
						<line number="955" hits="1"/>
						<line number="958" hits="1"/>
						<line number="966" hits="1" branch="true" condition-coverage="100% (2/2)"/>
						<line number="969" hits="1" branch="true" condition-coverage="100% (2/2)"/>
						<line number="972" hits="1"/>
						<line number="973" hits="1" branch="true" condition-coverage="50% (1/2)" missing-branches="976"/>
						<line number="976" hits="0"/>
						<line number="978" hits="1"/>
						<line number="980" hits="1" branch="true" condition-coverage="100% (2/2)"/>
						<line number="981" hits="1"/>
						<line number="982" hits="1" branch="true" condition-coverage="100% (2/2)"/>
						<line number="983" hits="1"/>
						<line number="984" hits="1"/>
						<line number="985" hits="0"/>
						<line number="987" hits="0"/>
						<line number="989" hits="1" branch="true" condition-coverage="50% (1/2)" missing-branches="990"/>
						<line number="990" hits="0"/>
						<line number="991" hits="1"/>
						<line number="993" hits="1"/>
						<line number="994" hits="1"/>
						<line number="996" hits="1"/>
						<line number="997" hits="1"/>
						<line number="999" hits="1"/>
						<line number="1000" hits="1"/>
						<line number="1001" hits="1"/>
						<line number="1003" hits="1"/>
						<line number="1004" hits="0" branch="true" condition-coverage="0% (0/2)" missing-branches="1005,1008"/>
						<line number="1005" hits="0"/>
						<line number="1006" hits="0"/>
						<line number="1008" hits="0"/>
						<line number="1009" hits="0"/>
						<line number="1011" hits="0"/>
						<line number="1012" hits="0"/>
						<line number="1014" hits="1"/>
						<line number="1019" hits="1"/>
						<line number="1023" hits="1"/>
						<line number="1027" hits="0"/>
						<line number="1029" hits="1"/>
						<line number="1031" hits="1"/>
						<line number="1035" hits="0"/>
						<line number="1036" hits="0" branch="true" condition-coverage="0% (0/2)" missing-branches="1039,1042"/>
						<line number="1039" hits="0" branch="true" condition-coverage="0% (0/2)" missing-branches="1040,1050"/>
						<line number="1040" hits="0"/>
						<line number="1042" hits="0" branch="true" condition-coverage="0% (0/2)" missing-branches="1043,1050"/>
						<line number="1043" hits="0" branch="true" condition-coverage="0% (0/2)" missing-branches="1042,1044"/>
						<line number="1044" hits="0"/>
						<line number="1050" hits="0" branch="true" condition-coverage="0% (0/2)" missing-branches="exit,1051"/>
						<line number="1051" hits="0"/>
						<line number="1053" hits="1"/>
						<line number="1055" hits="1"/>
						<line number="1056" hits="1"/>
						<line number="1057" hits="1"/>
						<line number="1059" hits="1"/>
						<line number="1060" hits="1"/>
						<line number="1067" hits="1"/>
						<line number="1068" hits="1"/>
						<line number="1070" hits="1"/>
						<line number="1072" hits="1"/>
						<line number="1074" hits="1"/>
						<line number="1075" hits="1"/>
						<line number="1090" hits="1"/>
						<line number="1091" hits="1"/>
						<line number="1092" hits="1"/>
						<line number="1093" hits="1"/>
						<line number="1095" hits="1"/>
						<line number="1097" hits="1"/>
						<line number="1099" hits="1"/>
						<line number="1100" hits="0"/>
						<line number="1103" hits="0"/>
						<line number="1105" hits="1"/>
						<line number="1106" hits="1"/>
						<line number="1112" hits="1"/>
						<line number="1113" hits="0"/>
						<line number="1128" hits="0"/>
						<line number="1129" hits="0"/>
						<line number="1130" hits="0"/>
						<line number="1131" hits="0"/>
						<line number="1133" hits="0"/>
						<line number="1135" hits="0"/>
						<line number="1137" hits="1"/>
						<line number="1138" hits="1"/>
						<line number="1140" hits="1"/>
						<line number="1142" hits="1"/>
						<line number="1143" hits="1"/>
						<line number="1145" hits="1"/>
						<line number="1147" hits="1"/>
						<line number="1149" hits="1"/>
						<line number="1151" hits="1"/>
						<line number="1152" hits="1"/>
						<line number="1154" hits="1"/>
						<line number="1159" hits="1"/>
						<line number="1161" hits="1"/>
						<line number="1162" hits="1"/>
						<line number="1163" hits="1" branch="true" condition-coverage="100% (2/2)"/>
						<line number="1164" hits="1"/>
						<line number="1165" hits="1" branch="true" condition-coverage="100% (2/2)"/>
						<line number="1166" hits="1"/>
						<line number="1168" hits="1" branch="true" condition-coverage="100% (2/2)"/>
						<line number="1169" hits="1"/>
						<line number="1171" hits="1" branch="true" condition-coverage="50% (1/2)" missing-branches="1173"/>
						<line number="1173" hits="0"/>
						<line number="1174" hits="0"/>
						<line number="1177" hits="1"/>
						<line number="1178" hits="1"/>
						<line number="1179" hits="1"/>
						<line number="1180" hits="0"/>
						<line number="1181" hits="0"/>
						<line number="1183" hits="1"/>
						<line number="1185" hits="0"/>
						<line number="1187" hits="1"/>
						<line number="1188" hits="1"/>
						<line number="1189" hits="1"/>
						<line number="1191" hits="1"/>
						<line number="1193" hits="1"/>
						<line number="1197" hits="1"/>
						<line number="1199" hits="1"/>
						<line number="1201" hits="1"/>
						<line number="1205" hits="1"/>
						<line number="1207" hits="1"/>
						<line number="1211" hits="0"/>
						<line number="1212" hits="0"/>
						<line number="1214" hits="0"/>
						<line number="1215" hits="0"/>
						<line number="1217" hits="0"/>
						<line number="1218" hits="0"/>
						<line number="1220" hits="0"/>
						<line number="1223" hits="1"/>
						<line number="1228" hits="1" branch="true" condition-coverage="50% (1/2)" missing-branches="1229"/>
						<line number="1229" hits="0"/>
						<line number="1230" hits="0"/>
						<line number="1233" hits="1" branch="true" condition-coverage="50% (1/2)" missing-branches="1234"/>
						<line number="1234" hits="0"/>
						<line number="1238" hits="1" branch="true" condition-coverage="100% (2/2)"/>
						<line number="1239" hits="1"/>
						<line number="1241" hits="1" branch="true" condition-coverage="100% (2/2)"/>
						<line number="1242" hits="1"/>
						<line number="1244" hits="1" branch="true" condition-coverage="50% (1/2)" missing-branches="1245"/>
						<line number="1245" hits="0"/>
						<line number="1246" hits="0"/>
						<line number="1248" hits="1"/>
						<line number="1251" hits="1"/>
						<line number="1256" hits="1" branch="true" condition-coverage="50% (1/2)" missing-branches="1257"/>
						<line number="1257" hits="0"/>
						<line number="1258" hits="0"/>
						<line number="1260" hits="1"/>
						<line number="1264" hits="1" branch="true" condition-coverage="50% (1/2)" missing-branches="1265"/>
						<line number="1265" hits="0"/>
						<line number="1267" hits="1"/>
						<line number="1268" hits="1"/>
						<line number="1271" hits="1" branch="true" condition-coverage="50% (1/2)" missing-branches="1272"/>
						<line number="1272" hits="0"/>
						<line number="1273" hits="0"/>
						<line number="1277" hits="1" branch="true" condition-coverage="100% (2/2)"/>
						<line number="1278" hits="1"/>
						<line number="1280" hits="1"/>
						<line number="1282" hits="1" branch="true" condition-coverage="100% (2/2)"/>
						<line number="1283" hits="1"/>
						<line number="1285" hits="1"/>
						<line number="1287" hits="1" branch="true" condition-coverage="50% (1/2)" missing-branches="1288"/>
						<line number="1288" hits="0"/>
						<line number="1289" hits="0"/>
						<line number="1291" hits="1"/>
						<line number="1294" hits="1"/>
						<line number="1306" hits="1" branch="true" condition-coverage="100% (2/2)"/>
						<line number="1307" hits="1"/>
						<line number="1309" hits="1" branch="true" condition-coverage="100% (2/2)"/>
						<line number="1310" hits="1"/>
						<line number="1313" hits="1" branch="true" condition-coverage="100% (2/2)"/>
						<line number="1314" hits="1" branch="true" condition-coverage="50% (1/2)" missing-branches="1315"/>
						<line number="1315" hits="0"/>
						<line number="1317" hits="1"/>
						<line number="1320" hits="1"/>
						<line number="1417" hits="1" branch="true" condition-coverage="50% (1/2)" missing-branches="1418"/>
						<line number="1418" hits="0"/>
						<line number="1420" hits="0"/>
						<line number="1427" hits="1"/>
						<line number="1430" hits="1" branch="true" condition-coverage="100% (2/2)"/>
						<line number="1431" hits="1"/>
						<line number="1433" hits="1" branch="true" condition-coverage="100% (2/2)"/>
						<line number="1434" hits="1"/>
						<line number="1436" hits="1"/>
						<line number="1437" hits="1"/>
						<line number="1438" hits="1"/>
						<line number="1439" hits="1"/>
						<line number="1443" hits="1" branch="true" condition-coverage="50% (1/2)" missing-branches="1444"/>
						<line number="1444" hits="0"/>
						<line number="1445" hits="0"/>
						<line number="1447" hits="1"/>
						<line number="1471" hits="1" branch="true" condition-coverage="100% (2/2)"/>
						<line number="1474" hits="1"/>
						<line number="1476" hits="1" branch="true" condition-coverage="50% (1/2)" missing-branches="1477"/>
						<line number="1477" hits="0"/>
						<line number="1479" hits="1"/>
						<line number="1482" hits="1" branch="true" condition-coverage="100% (2/2)"/>
						<line number="1483" hits="1"/>
						<line number="1484" hits="1" branch="true" condition-coverage="100% (2/2)"/>
						<line number="1487" hits="1"/>
						<line number="1489" hits="1" branch="true" condition-coverage="100% (2/2)"/>
						<line number="1490" hits="1"/>
						<line number="1493" hits="1" branch="true" condition-coverage="50% (1/2)" missing-branches="1498"/>
						<line number="1498" hits="0"/>
						<line number="1500" hits="1" branch="true" condition-coverage="50% (1/2)" missing-branches="1502"/>
						<line number="1502" hits="0"/>
						<line number="1503" hits="0"/>
						<line number="1505" hits="1" branch="true" condition-coverage="100% (2/2)"/>
						<line number="1508" hits="1" branch="true" condition-coverage="50% (1/2)" missing-branches="1509"/>
						<line number="1509" hits="0"/>
						<line number="1510" hits="0"/>
						<line number="1511" hits="1" branch="true" condition-coverage="100% (2/2)"/>
						<line number="1515" hits="1"/>
						<line number="1518" hits="1" branch="true" condition-coverage="50% (1/2)" missing-branches="1519"/>
						<line number="1519" hits="0"/>
						<line number="1520" hits="0"/>
						<line number="1521" hits="1"/>
						<line number="1523" hits="1" branch="true" condition-coverage="50% (1/2)" missing-branches="1528"/>
						<line number="1526" hits="1"/>
						<line number="1528" hits="0"/>
						<line number="1529" hits="0" branch="true" condition-coverage="0% (0/2)" missing-branches="1530,1533"/>
						<line number="1530" hits="0"/>
						<line number="1531" hits="0"/>
						<line number="1533" hits="1" branch="true" condition-coverage="50% (1/2)" missing-branches="1534"/>
						<line number="1534" hits="0"/>
						<line number="1536" hits="1" branch="true" condition-coverage="50% (1/2)" missing-branches="1543"/>
						<line number="1541" hits="1"/>
						<line number="1543" hits="1"/>
						<line number="1547" hits="1" branch="true" condition-coverage="100% (2/2)"/>
						<line number="1548" hits="1"/>
						<line number="1550" hits="1"/>
						<line number="1553" hits="1"/>
						<line number="1554" hits="1"/>
						<line number="1560" hits="1"/>
						<line number="1565" hits="1"/>
						<line number="1568" hits="1"/>
						<line number="1572" hits="1"/>
						<line number="1578" hits="1"/>
						<line number="1581" hits="1"/>
						<line number="1585" hits="1"/>
						<line number="1587" hits="1"/>
						<line number="1589" hits="1"/>
						<line number="1591" hits="1"/>
						<line number="1592" hits="1"/>
						<line number="1593" hits="1"/>
						<line number="1594" hits="1" branch="true" condition-coverage="50% (1/2)" missing-branches="1597"/>
						<line number="1595" hits="1"/>
						<line number="1597" hits="0"/>
						<line number="1599" hits="0"/>
						<line number="1600" hits="0"/>
						<line number="1601" hits="0"/>
						<line number="1603" hits="1"/>
						<line number="1605" hits="1"/>
						<line number="1612" hits="1"/>
						<line number="1619" hits="1" branch="true" condition-coverage="100% (2/2)"/>
						<line number="1620" hits="1" branch="true" condition-coverage="50% (1/2)" missing-branches="1621"/>
						<line number="1621" hits="0"/>
						<line number="1622" hits="0"/>
						<line number="1623" hits="0"/>
						<line number="1627" hits="1"/>
						<line number="1629" hits="1"/>
						<line number="1631" hits="1" branch="true" condition-coverage="50% (1/2)" missing-branches="1632"/>
						<line number="1632" hits="0"/>
						<line number="1633" hits="0" branch="true" condition-coverage="0% (0/2)" missing-branches="1634,1639"/>
						<line number="1634" hits="0"/>
						<line number="1637" hits="0"/>
						<line number="1639" hits="0"/>
						<line number="1642" hits="0"/>
						<line number="1644" hits="1"/>
						<line number="1646" hits="1"/>
						<line number="1647" hits="1"/>
						<line number="1650" hits="1"/>
						<line number="1654" hits="1"/>
						<line number="1657" hits="1"/>
						<line number="1660" hits="1"/>
						<line number="1661" hits="1"/>
						<line number="1664" hits="1"/>
						<line number="1669" hits="0"/>
						<line number="1670" hits="0" branch="true" condition-coverage="0% (0/2)" missing-branches="1671,1673"/>
						<line number="1671" hits="0"/>
						<line number="1673" hits="0"/>
						<line number="1676" hits="1"/>
						<line number="1680" hits="1"/>
						<line number="1682" hits="1"/>
						<line number="1688" hits="1"/>
						<line number="1689" hits="1" branch="true" condition-coverage="100% (2/2)"/>
						<line number="1690" hits="1"/>
						<line number="1691" hits="1" branch="true" condition-coverage="100% (2/2)"/>
						<line number="1692" hits="1" branch="true" condition-coverage="50% (1/2)" missing-branches="1693"/>
						<line number="1693" hits="0"/>
						<line number="1696" hits="0"/>
						<line number="1697" hits="0"/>
						<line number="1701" hits="1"/>
						<line number="1702" hits="1" branch="true" condition-coverage="100% (2/2)"/>
						<line number="1703" hits="1"/>
						<line number="1704" hits="1"/>
						<line number="1706" hits="1"/>
						<line number="1708" hits="1"/>
						<line number="1710" hits="1"/>
						<line number="1713" hits="1"/>
						<line number="1717" hits="1"/>
						<line number="1719" hits="1"/>
						<line number="1723" hits="1"/>
						<line number="1730" hits="1"/>
						<line number="1734" hits="1" branch="true" condition-coverage="50% (1/2)" missing-branches="1737"/>
						<line number="1735" hits="1"/>
						<line number="1737" hits="0"/>
						<line number="1739" hits="1"/>
						<line number="1743" hits="0" branch="true" condition-coverage="0% (0/2)" missing-branches="1744,1746"/>
						<line number="1744" hits="0"/>
						<line number="1746" hits="0"/>
						<line number="1748" hits="1"/>
						<line number="1752" hits="0" branch="true" condition-coverage="0% (0/2)" missing-branches="1753,1755"/>
						<line number="1753" hits="0"/>
						<line number="1755" hits="0"/>
						<line number="1757" hits="1"/>
						<line number="1761" hits="0" branch="true" condition-coverage="0% (0/2)" missing-branches="1762,1764"/>
						<line number="1762" hits="0"/>
						<line number="1764" hits="0"/>
						<line number="1766" hits="1"/>
						<line number="1769" hits="1"/>
						<line number="1773" hits="1" branch="true" condition-coverage="100% (2/2)"/>
						<line number="1774" hits="1"/>
						<line number="1776" hits="1"/>
						<line number="1777" hits="1"/>
						<line number="1780" hits="1"/>
						<line number="1781" hits="1"/>
						<line number="1783" hits="1"/>
						<line number="1786" hits="1"/>
						<line number="1793" hits="1"/>
						<line number="1798" hits="1"/>
						<line number="1801" hits="1"/>
						<line number="1802" hits="1"/>
						<line number="1803" hits="1"/>
						<line number="1804" hits="1"/>
						<line number="1805" hits="1" branch="true" condition-coverage="100% (2/2)"/>
						<line number="1806" hits="1"/>
						<line number="1809" hits="1"/>
						<line number="1814" hits="1"/>
						<line number="1815" hits="1"/>
						<line number="1817" hits="1" branch="true" condition-coverage="50% (1/2)" missing-branches="1820"/>
						<line number="1818" hits="1"/>
						<line number="1820" hits="0"/>
						<line number="1822" hits="1"/>
						<line number="1840" hits="1"/>
						<line number="1843" hits="1"/>
						<line number="1847" hits="1" branch="true" condition-coverage="100% (2/2)"/>
						<line number="1848" hits="1"/>
						<line number="1850" hits="1"/>
						<line number="1851" hits="1"/>
						<line number="1854" hits="1"/>
						<line number="1855" hits="1"/>
						<line number="1858" hits="1"/>
						<line number="1881" hits="0"/>
						<line number="1883" hits="0" branch="true" condition-coverage="0% (0/2)" missing-branches="1884,1887"/>
						<line number="1884" hits="0"/>
						<line number="1885" hits="0"/>
						<line number="1887" hits="0"/>
						<line number="1889" hits="0" branch="true" condition-coverage="0% (0/2)" missing-branches="1890,1901"/>
						<line number="1890" hits="0" branch="true" condition-coverage="0% (0/2)" missing-branches="1891,1898"/>
						<line number="1891" hits="0"/>
						<line number="1892" hits="0" branch="true" condition-coverage="0% (0/2)" missing-branches="1896,1898"/>
						<line number="1896" hits="0"/>
						<line number="1897" hits="0"/>
						<line number="1898" hits="0"/>
						<line number="1899" hits="0"/>
						<line number="1901" hits="0"/>
						<line number="1904" hits="1"/>
						<line number="1923" hits="0" branch="true" condition-coverage="0% (0/2)" missing-branches="1924,1926"/>
						<line number="1924" hits="0"/>
						<line number="1925" hits="0"/>
						<line number="1926" hits="0"/>
						<line number="1927" hits="0" branch="true" condition-coverage="0% (0/2)" missing-branches="1928,1930"/>
						<line number="1928" hits="0"/>
						<line number="1929" hits="0"/>
						<line number="1930" hits="0"/>
						<line number="1933" hits="1"/>
						<line number="1942" hits="0" branch="true" condition-coverage="0% (0/2)" missing-branches="1943,1945"/>
						<line number="1943" hits="0"/>
						<line number="1945" hits="0" branch="true" condition-coverage="0% (0/2)" missing-branches="exit,1946"/>
						<line number="1946" hits="0"/>
						<line number="1947" hits="0" branch="true" condition-coverage="0% (0/2)" missing-branches="1945,1948"/>
						<line number="1948" hits="0"/>
						<line number="1951" hits="1"/>
						<line number="1955" hits="0"/>
						<line number="1956" hits="0"/>
						<line number="1959" hits="1"/>
						<line number="1973" hits="1"/>
						<line number="1977" hits="1" branch="true" condition-coverage="50% (1/2)" missing-branches="1978"/>
						<line number="1978" hits="0"/>
						<line number="1979" hits="0"/>
						<line number="1981" hits="1"/>
						<line number="1982" hits="1"/>
						<line number="1983" hits="1"/>
						<line number="1984" hits="1" branch="true" condition-coverage="100% (2/2)"/>
						<line number="1985" hits="1" branch="true" condition-coverage="50% (1/2)" missing-branches="1986"/>
						<line number="1986" hits="0"/>
						<line number="1988" hits="1"/>
						<line number="1989" hits="1"/>
						<line number="1991" hits="1" branch="true" condition-coverage="50% (1/2)" missing-branches="1992"/>
						<line number="1992" hits="0" branch="true" condition-coverage="0% (0/2)" missing-branches="1993,1996"/>
						<line number="1993" hits="0"/>
						<line number="1994" hits="0"/>
						<line number="1996" hits="0"/>
						<line number="1997" hits="1" branch="true" condition-coverage="100% (2/2)"/>
						<line number="1998" hits="1"/>
						<line number="2000" hits="1"/>
						<line number="2014" hits="1" branch="true" condition-coverage="50% (1/2)" missing-branches="2018"/>
						<line number="2016" hits="1"/>
						<line number="2018" hits="1"/>
						<line number="2020" hits="1" branch="true" condition-coverage="100% (2/2)"/>
						<line number="2023" hits="1"/>
						<line number="2025" hits="1"/>
						<line number="2028" hits="1"/>
						<line number="2032" hits="1"/>
						<line number="2035" hits="1"/>
						<line number="2042" hits="1"/>
						<line number="2045" hits="1"/>
						<line number="2050" hits="1" branch="true" condition-coverage="100% (2/2)"/>
						<line number="2051" hits="1"/>
						<line number="2053" hits="1"/>
						<line number="2056" hits="1"/>
						<line number="2063" hits="1" branch="true" condition-coverage="100% (2/2)"/>
						<line number="2064" hits="1"/>
						<line number="2066" hits="1"/>
						<line number="2069" hits="1"/>
						<line number="2076" hits="1" branch="true" condition-coverage="100% (2/2)"/>
						<line number="2077" hits="1" branch="true" condition-coverage="50% (1/2)" missing-branches="2085"/>
						<line number="2078" hits="1"/>
						<line number="2085" hits="0"/>
						<line number="2088" hits="0" branch="true" condition-coverage="0% (0/2)" missing-branches="2089,2091"/>
						<line number="2089" hits="0"/>
						<line number="2091" hits="0"/>
						<line number="2093" hits="0"/>
						<line number="2099" hits="0" branch="true" condition-coverage="0% (0/2)" missing-branches="2100,2104"/>
						<line number="2100" hits="0"/>
						<line number="2104" hits="0"/>
						<line number="2106" hits="0"/>
						<line number="2113" hits="1"/>
						<line number="2116" hits="1"/>
						<line number="2136" hits="1"/>
						<line number="2138" hits="1" branch="true" condition-coverage="100% (2/2)"/>
						<line number="2139" hits="1"/>
						<line number="2146" hits="1"/>
						<line number="2149" hits="1"/>
						<line number="2151" hits="1"/>
						<line number="2152" hits="1"/>
						<line number="2153" hits="1"/>
						<line number="2154" hits="1"/>
						<line number="2158" hits="1"/>
						<line number="2159" hits="1"/>
						<line number="2161" hits="1" branch="true" condition-coverage="100% (2/2)"/>
						<line number="2162" hits="1" branch="true" condition-coverage="100% (2/2)"/>
						<line number="2163" hits="1"/>
						<line number="2165" hits="1"/>
						<line number="2166" hits="1"/>
						<line number="2171" hits="1"/>
						<line number="2173" hits="1"/>
						<line number="2174" hits="1"/>
						<line number="2176" hits="1" branch="true" condition-coverage="100% (2/2)"/>
						<line number="2177" hits="1"/>
						<line number="2179" hits="1"/>
						<line number="2181" hits="1" branch="true" condition-coverage="50% (1/2)" missing-branches="2182"/>
						<line number="2182" hits="0" branch="true" condition-coverage="0% (0/2)" missing-branches="2183,2205"/>
						<line number="2183" hits="0"/>
						<line number="2184" hits="0" branch="true" condition-coverage="0% (0/2)" missing-branches="2185,2197"/>
						<line number="2185" hits="0"/>
						<line number="2193" hits="0"/>
						<line number="2197" hits="0"/>
						<line number="2204" hits="0"/>
						<line number="2205" hits="0" branch="true" condition-coverage="0% (0/2)" missing-branches="2206,2218"/>
						<line number="2206" hits="0"/>
						<line number="2214" hits="0"/>
						<line number="2218" hits="0"/>
						<line number="2225" hits="1" branch="true" condition-coverage="100% (2/2)"/>
						<line number="2226" hits="1"/>
						<line number="2227" hits="1" branch="true" condition-coverage="50% (1/2)" missing-branches="2228"/>
						<line number="2228" hits="0"/>
						<line number="2230" hits="1"/>
						<line number="2231" hits="1"/>
						<line number="2233" hits="1" branch="true" condition-coverage="50% (1/2)" missing-branches="2234"/>
						<line number="2234" hits="0"/>
						<line number="2239" hits="0"/>
						<line number="2243" hits="1"/>
						<line number="2245" hits="1" branch="true" condition-coverage="100% (2/2)"/>
						<line number="2246" hits="1"/>
						<line number="2247" hits="1" branch="true" condition-coverage="50% (1/2)" missing-branches="2248"/>
						<line number="2248" hits="0"/>
						<line number="2250" hits="1"/>
						<line number="2251" hits="1"/>
						<line number="2252" hits="1"/>
						<line number="2254" hits="1"/>
						<line number="2255" hits="1" branch="true" condition-coverage="50% (1/2)" missing-branches="2256"/>
						<line number="2256" hits="0"/>
						<line number="2262" hits="0"/>
						<line number="2263" hits="0"/>
						<line number="2272" hits="0"/>
						<line number="2276" hits="1"/>
						<line number="2279" hits="1"/>
						<line number="2280" hits="1"/>
						<line number="2288" hits="1"/>
						<line number="2290" hits="1" branch="true" condition-coverage="50% (1/2)" missing-branches="2291"/>
						<line number="2291" hits="0"/>
						<line number="2293" hits="1"/>
						<line number="2294" hits="1"/>
						<line number="2296" hits="1" branch="true" condition-coverage="100% (2/2)"/>
						<line number="2297" hits="1"/>
						<line number="2302" hits="1"/>
						<line number="2306" hits="1"/>
						<line number="2308" hits="1" branch="true" condition-coverage="50% (1/2)" missing-branches="2161"/>
						<line number="2309" hits="1" branch="true" condition-coverage="100% (2/2)"/>
						<line number="2310" hits="1"/>
						<line number="2311" hits="1" branch="true" condition-coverage="50% (1/2)" missing-branches="2313"/>
						<line number="2313" hits="0"/>
						<line number="2315" hits="1" branch="true" condition-coverage="100% (2/2)"/>
						<line number="2316" hits="1"/>
						<line number="2317" hits="1"/>
						<line number="2318" hits="1" branch="true" condition-coverage="100% (2/2)"/>
						<line number="2319" hits="1"/>
						<line number="2320" hits="1"/>
						<line number="2321" hits="1"/>
						<line number="2322" hits="1"/>
						<line number="2323" hits="1"/>
						<line number="2325" hits="1" branch="true" condition-coverage="50% (1/2)" missing-branches="2326"/>
						<line number="2326" hits="0"/>
						<line number="2333" hits="1" branch="true" condition-coverage="50% (1/2)" missing-branches="2334"/>
						<line number="2334" hits="0" branch="true" condition-coverage="0% (0/2)" missing-branches="2335,2340"/>
						<line number="2335" hits="0" branch="true" condition-coverage="0% (0/2)" missing-branches="2336,2338"/>
						<line number="2336" hits="0"/>
						<line number="2338" hits="0"/>
						<line number="2340" hits="0"/>
						<line number="2341" hits="0"/>
						<line number="2345" hits="1" branch="true" condition-coverage="50% (1/2)" missing-branches="2346"/>
						<line number="2346" hits="0"/>
						<line number="2348" hits="0"/>
						<line number="2350" hits="1"/>
						<line number="2351" hits="1"/>
						<line number="2352" hits="1" branch="true" condition-coverage="50% (1/2)" missing-branches="2354"/>
						<line number="2354" hits="0"/>
						<line number="2355" hits="0"/>
						<line number="2362" hits="0"/>
						<line number="2363" hits="0"/>
						<line number="2365" hits="1" branch="true" condition-coverage="50% (1/2)" missing-branches="2367"/>
						<line number="2367" hits="0"/>
						<line number="2370" hits="1"/>
						<line number="2371" hits="1"/>
						<line number="2380" hits="1"/>
						<line number="2388" hits="1"/>
						<line number="2391" hits="1"/>
						<line number="2436" hits="1"/>
						<line number="2456" hits="1"/>
						<line number="2477" hits="1"/>
						<line number="2482" hits="1"/>
						<line number="2486" hits="1"/>
						<line number="2487" hits="1"/>
						<line number="2488" hits="1"/>
						<line number="2489" hits="1"/>
						<line number="2490" hits="1"/>
						<line number="2491" hits="1"/>
						<line number="2492" hits="1"/>
						<line number="2493" hits="1"/>
						<line number="2494" hits="1"/>
						<line number="2495" hits="1"/>
						<line number="2496" hits="1"/>
						<line number="2497" hits="1"/>
						<line number="2505" hits="1"/>
						<line number="2506" hits="1"/>
						<line number="2507" hits="1"/>
						<line number="2508" hits="1"/>
						<line number="2509" hits="1"/>
						<line number="2511" hits="1"/>
						<line number="2512" hits="0"/>
						<line number="2514" hits="1"/>
						<line number="2515" hits="1"/>
						<line number="2521" hits="1" branch="true" condition-coverage="100% (2/2)"/>
						<line number="2522" hits="1"/>
						<line number="2523" hits="1" branch="true" condition-coverage="50% (1/2)" missing-branches="2524"/>
						<line number="2524" hits="0"/>
						<line number="2525" hits="0"/>
						<line number="2526" hits="1"/>
						<line number="2548" hits="1"/>
						<line number="2559" hits="0"/>
						<line number="2561" hits="0"/>
						<line number="2563" hits="0"/>
						<line number="2566" hits="1"/>
						<line number="2570" hits="0"/>
						<line number="2575" hits="1"/>
						<line number="2579" hits="0"/>
						<line number="2581" hits="1"/>
						<line number="2582" hits="0"/>
						<line number="2583" hits="0" branch="true" condition-coverage="0% (0/2)" missing-branches="exit,2584"/>
						<line number="2584" hits="0" branch="true" condition-coverage="0% (0/2)" missing-branches="2585,2587"/>
						<line number="2585" hits="0"/>
						<line number="2587" hits="0"/>
						<line number="2597" hits="1"/>
						<line number="2614" hits="1"/>
						<line number="2623" hits="1"/>
						<line number="2632" hits="1"/>
						<line number="2650" hits="1"/>
						<line number="2699" hits="1"/>
						<line number="2701" hits="1"/>
						<line number="2720" hits="1"/>
						<line number="2721" hits="1"/>
						<line number="2722" hits="1"/>
						<line number="2723" hits="1"/>
						<line number="2724" hits="1"/>
						<line number="2725" hits="1"/>
						<line number="2726" hits="1"/>
						<line number="2727" hits="1"/>
						<line number="2728" hits="1"/>
						<line number="2729" hits="1"/>
						<line number="2730" hits="1"/>
						<line number="2731" hits="1"/>
						<line number="2732" hits="1"/>
						<line number="2733" hits="1"/>
						<line number="2734" hits="1"/>
						<line number="2735" hits="1"/>
						<line number="2736" hits="1"/>
						<line number="2738" hits="1"/>
						<line number="2746" hits="0" branch="true" condition-coverage="0% (0/2)" missing-branches="2747,2749"/>
						<line number="2747" hits="0"/>
						<line number="2749" hits="0"/>
						<line number="2750" hits="0"/>
						<line number="2752" hits="1"/>
						<line number="2763" hits="0" branch="true" condition-coverage="0% (0/2)" missing-branches="2764,2766"/>
						<line number="2764" hits="0"/>
						<line number="2766" hits="0"/>
						<line number="2768" hits="0"/>
						<line number="2771" hits="1"/>
						<line number="2774" hits="1"/>
						<line number="2793" hits="1"/>
						<line number="2795" hits="1"/>
						<line number="2796" hits="1"/>
						<line number="2797" hits="1"/>
						<line number="2799" hits="1"/>
						<line number="2803" hits="0"/>
						<line number="2805" hits="1"/>
						<line number="2809" hits="0" branch="true" condition-coverage="0% (0/2)" missing-branches="exit,2810"/>
						<line number="2810" hits="0"/>
						<line number="2813" hits="1"/>
						<line number="2829" hits="1"/>
						<line number="2832" hits="1"/>
						<line number="2853" hits="1"/>
						<line number="2862" hits="1"/>
						<line number="2863" hits="1"/>
						<line number="2864" hits="1"/>
						<line number="2865" hits="1"/>
						<line number="2867" hits="1"/>
						<line number="2868" hits="1"/>
						<line number="2870" hits="1" branch="true" condition-coverage="50% (1/2)" missing-branches="2872"/>
						<line number="2871" hits="1"/>
						<line number="2872" hits="0" branch="true" condition-coverage="0% (0/2)" missing-branches="2873,2876"/>
						<line number="2873" hits="0"/>
						<line number="2876" hits="0" branch="true" condition-coverage="0% (0/2)" missing-branches="2877,2881"/>
						<line number="2877" hits="0"/>
						<line number="2881" hits="0"/>
						<line number="2885" hits="1"/>
						<line number="2886" hits="1" branch="true" condition-coverage="50% (1/2)" missing-branches="2887"/>
						<line number="2887" hits="0"/>
						<line number="2889" hits="1"/>
						<line number="2890" hits="1"/>
						<line number="2895" hits="1"/>
						<line number="2897" hits="1"/>
						<line number="2903" hits="1" branch="true" condition-coverage="50% (1/2)" missing-branches="2906"/>
						<line number="2904" hits="1"/>
						<line number="2906" hits="0" branch="true" condition-coverage="0% (0/2)" missing-branches="2907,2909"/>
						<line number="2907" hits="0"/>
						<line number="2909" hits="0" branch="true" condition-coverage="0% (0/2)" missing-branches="2910,2912"/>
						<line number="2910" hits="0"/>
						<line number="2912" hits="0"/>
						<line number="2914" hits="1"/>
						<line number="2919" hits="0"/>
						<line number="2925" hits="1"/>
						<line number="2929" hits="0"/>
						<line number="2932" hits="1"/>
						<line number="2948" hits="1"/>
						<line number="2953" hits="1"/>
						<line number="3001" hits="0"/>
						<line number="3003" hits="0" branch="true" condition-coverage="0% (0/2)" missing-branches="3004,3005"/>
						<line number="3004" hits="0"/>
						<line number="3005" hits="0" branch="true" condition-coverage="0% (0/2)" missing-branches="3006,3008"/>
						<line number="3006" hits="0"/>
						<line number="3008" hits="0"/>
						<line number="3009" hits="0"/>
						<line number="3011" hits="0"/>
						<line number="3012" hits="0"/>
						<line number="3013" hits="0"/>
						<line number="3015" hits="0"/>
						<line number="3016" hits="0" branch="true" condition-coverage="0% (0/2)" missing-branches="3017,3018"/>
						<line number="3017" hits="0"/>
						<line number="3018" hits="0" branch="true" condition-coverage="0% (0/2)" missing-branches="3019,3020"/>
						<line number="3019" hits="0"/>
						<line number="3020" hits="0" branch="true" condition-coverage="0% (0/2)" missing-branches="3021,3022"/>
						<line number="3021" hits="0"/>
						<line number="3022" hits="0" branch="true" condition-coverage="0% (0/2)" missing-branches="3023,3025"/>
						<line number="3023" hits="0"/>
						<line number="3025" hits="0"/>
						<line number="3031" hits="0"/>
						<line number="3032" hits="0"/>
						<line number="3037" hits="0"/>
						<line number="3038" hits="0"/>
						<line number="3048" hits="0"/>
						<line number="3050" hits="0"/>
						<line number="3053" hits="0"/>
						<line number="3060" hits="1"/>
						<line number="3061" hits="1"/>
						<line number="3066" hits="1"/>
						<line number="3068" hits="1"/>
						<line number="3069" hits="0" branch="true" condition-coverage="0% (0/2)" missing-branches="exit,3070"/>
						<line number="3070" hits="0"/>
						<line number="3073" hits="1"/>
						<line number="3085" hits="0"/>
						<line number="3086" hits="0" branch="true" condition-coverage="0% (0/2)" missing-branches="3087,3093"/>
						<line number="3087" hits="0"/>
						<line number="3093" hits="0"/>
						<line number="3096" hits="1"/>
						<line number="3112" hits="0"/>
						<line number="3114" hits="0" branch="true" condition-coverage="0% (0/2)" missing-branches="3116,3126"/>
						<line number="3116" hits="0"/>
						<line number="3117" hits="0" branch="true" condition-coverage="0% (0/2)" missing-branches="3118,3122"/>
						<line number="3118" hits="0"/>
						<line number="3122" hits="0"/>
						<line number="3126" hits="0"/>
						<line number="3127" hits="0" branch="true" condition-coverage="0% (0/2)" missing-branches="3128,3130"/>
						<line number="3128" hits="0"/>
						<line number="3130" hits="0"/>
						<line number="3132" hits="0" branch="true" condition-coverage="0% (0/2)" missing-branches="3134,3138"/>
						<line number="3134" hits="0"/>
						<line number="3135" hits="0"/>
						<line number="3138" hits="0"/>
						<line number="3139" hits="0" branch="true" condition-coverage="0% (0/2)" missing-branches="3140,3142"/>
						<line number="3140" hits="0"/>
						<line number="3142" hits="0"/>
						<line number="3143" hits="0" branch="true" condition-coverage="0% (0/2)" missing-branches="3144,3147"/>
						<line number="3144" hits="0"/>
						<line number="3147" hits="0"/>
						<line number="3148" hits="0" branch="true" condition-coverage="0% (0/2)" missing-branches="3149,3151"/>
						<line number="3149" hits="0"/>
						<line number="3151" hits="0" branch="true" condition-coverage="0% (0/2)" missing-branches="3152,3153"/>
						<line number="3152" hits="0"/>
						<line number="3153" hits="0"/>
					</lines>
				</class>
				<class name="_next_gen.py" filename="_next_gen.py" complexity="0" line-rate="0.7297" branch-rate="0.6667">
					<methods/>
					<lines>
						<line number="8" hits="1"/>
						<line number="10" hits="1"/>
						<line number="11" hits="1"/>
						<line number="12" hits="1"/>
						<line number="13" hits="1"/>
						<line number="20" hits="1"/>
						<line number="23" hits="1"/>
						<line number="365" hits="1"/>
						<line number="366" hits="1"/>
						<line number="392" hits="1"/>
						<line number="400" hits="1"/>
						<line number="403" hits="1" branch="true" condition-coverage="100% (2/2)"/>
						<line number="404" hits="1"/>
						<line number="408" hits="1" branch="true" condition-coverage="100% (2/2)"/>
						<line number="409" hits="1" branch="true" condition-coverage="50% (1/2)" missing-branches="410"/>
						<line number="410" hits="0" branch="true" condition-coverage="0% (0/2)" missing-branches="411,414"/>
						<line number="411" hits="0"/>
						<line number="412" hits="0"/>
						<line number="414" hits="0"/>
						<line number="415" hits="0"/>
						<line number="417" hits="1" branch="true" condition-coverage="50% (1/2)" missing-branches="418"/>
						<line number="418" hits="0"/>
						<line number="420" hits="1"/>
						<line number="421" hits="1"/>
						<line number="422" hits="0"/>
						<line number="423" hits="0"/>
						<line number="427" hits="1" branch="true" condition-coverage="100% (2/2)"/>
						<line number="428" hits="1"/>
						<line number="430" hits="1"/>
						<line number="433" hits="1"/>
						<line number="434" hits="1"/>
						<line number="437" hits="1"/>
						<line number="605" hits="1"/>
						<line number="623" hits="1"/>
						<line number="630" hits="0"/>
						<line number="639" hits="1"/>
						<line number="646" hits="0"/>
					</lines>
				</class>
				<class name="_version_info.py" filename="_version_info.py" complexity="0" line-rate="0.4211" branch-rate="0">
					<methods/>
					<lines>
						<line number="4" hits="1"/>
						<line number="6" hits="1"/>
						<line number="7" hits="1"/>
						<line number="10" hits="1"/>
						<line number="11" hits="1"/>
						<line number="12" hits="1"/>
						<line number="33" hits="1"/>
						<line number="34" hits="1"/>
						<line number="35" hits="1"/>
						<line number="36" hits="1"/>
						<line number="38" hits="1"/>
						<line number="39" hits="1"/>
						<line number="43" hits="0"/>
						<line number="44" hits="0" branch="true" condition-coverage="0% (0/2)" missing-branches="45,47"/>
						<line number="45" hits="0"/>
						<line number="47" hits="0"/>
						<line number="51" hits="1"/>
						<line number="59" hits="0" branch="true" condition-coverage="0% (0/2)" missing-branches="60,62"/>
						<line number="60" hits="0"/>
						<line number="62" hits="0" branch="true" condition-coverage="0% (0/2)" missing-branches="63,65"/>
						<line number="63" hits="0"/>
						<line number="65" hits="0" branch="true" condition-coverage="0% (0/2)" missing-branches="66,68"/>
						<line number="66" hits="0"/>
						<line number="68" hits="0"/>
						<line number="70" hits="1"/>
						<line number="71" hits="0"/>
						<line number="72" hits="0"/>
						<line number="73" hits="0"/>
						<line number="74" hits="0"/>
						<line number="76" hits="0"/>
						<line number="78" hits="1"/>
						<line number="79" hits="0"/>
						<line number="80" hits="0"/>
						<line number="81" hits="0"/>
						<line number="82" hits="0"/>
						<line number="86" hits="0"/>
						<line number="88" hits="1"/>
						<line number="89" hits="0"/>
					</lines>
				</class>
				<class name="converters.py" filename="converters.py" complexity="0" line-rate="0.2364" branch-rate="0.125">
					<methods/>
					<lines>
						<line number="7" hits="1"/>
						<line number="9" hits="1"/>
						<line number="10" hits="1"/>
						<line number="13" hits="1"/>
						<line number="21" hits="1"/>
						<line number="36" hits="0" branch="true" condition-coverage="0% (0/2)" missing-branches="38,45"/>
						<line number="38" hits="0"/>
						<line number="39" hits="0" branch="true" condition-coverage="0% (0/2)" missing-branches="40,41"/>
						<line number="40" hits="0"/>
						<line number="41" hits="0"/>
						<line number="45" hits="0"/>
						<line number="46" hits="0" branch="true" condition-coverage="0% (0/2)" missing-branches="47,48"/>
						<line number="47" hits="0"/>
						<line number="48" hits="0"/>
						<line number="50" hits="0"/>
						<line number="52" hits="0"/>
						<line number="53" hits="0" branch="true" condition-coverage="0% (0/2)" missing-branches="54,56"/>
						<line number="54" hits="0"/>
						<line number="56" hits="0"/>
						<line number="57" hits="0" branch="true" condition-coverage="0% (0/2)" missing-branches="58,60"/>
						<line number="58" hits="0"/>
						<line number="60" hits="0" branch="true" condition-coverage="0% (0/2)" missing-branches="61,63"/>
						<line number="61" hits="0"/>
						<line number="63" hits="0"/>
						<line number="66" hits="1"/>
						<line number="92" hits="1" branch="true" condition-coverage="50% (1/2)" missing-branches="93"/>
						<line number="93" hits="0"/>
						<line number="94" hits="0"/>
						<line number="96" hits="1" branch="true" condition-coverage="50% (1/2)" missing-branches="97"/>
						<line number="97" hits="0"/>
						<line number="98" hits="0"/>
						<line number="100" hits="1" branch="true" condition-coverage="50% (1/2)" missing-branches="101"/>
						<line number="101" hits="0"/>
						<line number="103" hits="1" branch="true" condition-coverage="50% (1/2)" missing-branches="104"/>
						<line number="104" hits="0" branch="true" condition-coverage="0% (0/2)" missing-branches="105,108"/>
						<line number="105" hits="0"/>
						<line number="106" hits="0"/>
						<line number="108" hits="0"/>
						<line number="109" hits="0" branch="true" condition-coverage="0% (0/2)" missing-branches="110,112"/>
						<line number="110" hits="0"/>
						<line number="112" hits="0"/>
						<line number="116" hits="1"/>
						<line number="117" hits="0" branch="true" condition-coverage="0% (0/2)" missing-branches="118,120"/>
						<line number="118" hits="0"/>
						<line number="120" hits="0"/>
						<line number="122" hits="1"/>
						<line number="125" hits="1"/>
						<line number="153" hits="0" branch="true" condition-coverage="0% (0/2)" missing-branches="154,156"/>
						<line number="154" hits="0"/>
						<line number="156" hits="0" branch="true" condition-coverage="0% (0/2)" missing-branches="157,158"/>
						<line number="157" hits="0"/>
						<line number="158" hits="0" branch="true" condition-coverage="0% (0/2)" missing-branches="159,161"/>
						<line number="159" hits="0"/>
						<line number="161" hits="0"/>
						<line number="162" hits="0"/>
					</lines>
				</class>
				<class name="exceptions.py" filename="exceptions.py" complexity="0" line-rate="0.7895" branch-rate="1">
					<methods/>
					<lines>
						<line number="3" hits="1"/>
						<line number="5" hits="1"/>
						<line number="8" hits="1"/>
						<line number="19" hits="1"/>
						<line number="20" hits="1"/>
						<line number="23" hits="1"/>
						<line number="31" hits="1"/>
						<line number="39" hits="1"/>
						<line number="47" hits="1"/>
						<line number="55" hits="1"/>
						<line number="64" hits="1"/>
						<line number="72" hits="1"/>
						<line number="81" hits="1"/>
						<line number="89" hits="1"/>
						<line number="90" hits="0"/>
						<line number="91" hits="0"/>
						<line number="92" hits="0"/>
						<line number="94" hits="1"/>
						<line number="95" hits="0"/>
					</lines>
				</class>
				<class name="filters.py" filename="filters.py" complexity="0" line-rate="0.3077" branch-rate="1">
					<methods/>
					<lines>
						<line number="7" hits="1"/>
						<line number="10" hits="1"/>
						<line number="14" hits="0"/>
						<line number="21" hits="1"/>
						<line number="36" hits="0"/>
						<line number="38" hits="0"/>
						<line number="39" hits="0"/>
						<line number="45" hits="0"/>
						<line number="48" hits="1"/>
						<line number="63" hits="0"/>
						<line number="65" hits="0"/>
						<line number="66" hits="0"/>
						<line number="72" hits="0"/>
					</lines>
				</class>
				<class name="setters.py" filename="setters.py" complexity="0" line-rate="0.4286" branch-rate="0.1">
					<methods/>
					<lines>
						<line number="7" hits="1"/>
						<line number="8" hits="1"/>
						<line number="11" hits="1"/>
						<line number="18" hits="1"/>
						<line number="19" hits="1"/>
						<line number="21" hits="1" branch="true" condition-coverage="50% (1/2)" missing-branches="24"/>
						<line number="22" hits="1"/>
						<line number="24" hits="0"/>
						<line number="26" hits="1"/>
						<line number="29" hits="1"/>
						<line number="35" hits="0"/>
						<line number="38" hits="1"/>
						<line number="44" hits="0" branch="true" condition-coverage="0% (0/2)" missing-branches="45,47"/>
						<line number="45" hits="0"/>
						<line number="47" hits="0"/>
						<line number="48" hits="0" branch="true" condition-coverage="0% (0/2)" missing-branches="49,51"/>
						<line number="49" hits="0"/>
						<line number="51" hits="0"/>
						<line number="53" hits="0"/>
						<line number="56" hits="1"/>
						<line number="63" hits="0"/>
						<line number="64" hits="0" branch="true" condition-coverage="0% (0/2)" missing-branches="66,73"/>
						<line number="66" hits="0"/>
						<line number="68" hits="0" branch="true" condition-coverage="0% (0/2)" missing-branches="69,71"/>
						<line number="69" hits="0"/>
						<line number="71" hits="0"/>
						<line number="73" hits="0"/>
						<line number="79" hits="1"/>
					</lines>
				</class>
				<class name="validators.py" filename="validators.py" complexity="0" line-rate="0.485" branch-rate="0.08333">
					<methods/>
					<lines>
						<line number="7" hits="1"/>
						<line number="8" hits="1"/>
						<line number="10" hits="1"/>
						<line number="11" hits="1"/>
						<line number="13" hits="1"/>
						<line number="14" hits="1"/>
						<line number="15" hits="1"/>
						<line number="16" hits="1"/>
						<line number="19" hits="1"/>
						<line number="42" hits="1"/>
						<line number="57" hits="0"/>
						<line number="60" hits="1"/>
						<line number="69" hits="0"/>
						<line number="72" hits="1"/>
						<line number="73" hits="1"/>
						<line number="83" hits="0"/>
						<line number="84" hits="0"/>
						<line number="85" hits="0"/>
						<line number="87" hits="0"/>
						<line number="90" hits="1"/>
						<line number="91" hits="1"/>
						<line number="92" hits="1"/>
						<line number="94" hits="1"/>
						<line number="98" hits="0" branch="true" condition-coverage="0% (0/2)" missing-branches="exit,99"/>
						<line number="99" hits="0"/>
						<line number="100" hits="0"/>
						<line number="107" hits="1"/>
						<line number="108" hits="0"/>
						<line number="111" hits="1"/>
						<line number="125" hits="1"/>
						<line number="128" hits="1"/>
						<line number="129" hits="1"/>
						<line number="130" hits="1"/>
						<line number="131" hits="1"/>
						<line number="133" hits="1"/>
						<line number="137" hits="0" branch="true" condition-coverage="0% (0/2)" missing-branches="exit,138"/>
						<line number="138" hits="0"/>
						<line number="139" hits="0"/>
						<line number="146" hits="1"/>
						<line number="147" hits="0"/>
						<line number="150" hits="1"/>
						<line number="171" hits="0"/>
						<line number="172" hits="0" branch="true" condition-coverage="0% (0/2)" missing-branches="173,180"/>
						<line number="173" hits="0"/>
						<line number="178" hits="0"/>
						<line number="180" hits="0" branch="true" condition-coverage="0% (0/2)" missing-branches="181,186"/>
						<line number="181" hits="0" branch="true" condition-coverage="0% (0/2)" missing-branches="182,184"/>
						<line number="182" hits="0"/>
						<line number="183" hits="0"/>
						<line number="184" hits="0"/>
						<line number="186" hits="0"/>
						<line number="188" hits="0" branch="true" condition-coverage="0% (0/2)" missing-branches="189,190"/>
						<line number="189" hits="0"/>
						<line number="190" hits="0" branch="true" condition-coverage="0% (0/2)" missing-branches="191,193"/>
						<line number="191" hits="0"/>
						<line number="193" hits="0"/>
						<line number="195" hits="0"/>
						<line number="198" hits="1"/>
						<line number="199" hits="1"/>
						<line number="200" hits="1"/>
						<line number="202" hits="1"/>
						<line number="203" hits="1" branch="true" condition-coverage="50% (1/2)" missing-branches="204"/>
						<line number="204" hits="0"/>
						<line number="206" hits="1"/>
						<line number="208" hits="1"/>
						<line number="209" hits="0"/>
						<line number="212" hits="1"/>
						<line number="227" hits="1" branch="true" condition-coverage="50% (1/2)" missing-branches="228"/>
						<line number="228" hits="0"/>
						<line number="230" hits="1"/>
						<line number="233" hits="1"/>
						<line number="234" hits="1"/>
						<line number="235" hits="1"/>
						<line number="236" hits="1"/>
						<line number="238" hits="1"/>
						<line number="239" hits="0"/>
						<line number="240" hits="0"/>
						<line number="241" hits="0"/>
						<line number="242" hits="0"/>
						<line number="244" hits="0" branch="true" condition-coverage="0% (0/2)" missing-branches="exit,245"/>
						<line number="245" hits="0"/>
						<line number="246" hits="0"/>
						<line number="253" hits="1"/>
						<line number="254" hits="0"/>
						<line number="257" hits="1"/>
						<line number="285" hits="0"/>
						<line number="286" hits="0" branch="true" condition-coverage="0% (0/2)" missing-branches="287,289"/>
						<line number="287" hits="0"/>
						<line number="289" hits="0"/>
						<line number="292" hits="1"/>
						<line number="293" hits="1"/>
						<line number="294" hits="1"/>
						<line number="298" hits="1" branch="true" condition-coverage="50% (1/2)" missing-branches="299"/>
						<line number="299" hits="0"/>
						<line number="303" hits="0"/>
						<line number="310" hits="1"/>
						<line number="311" hits="0"/>
						<line number="314" hits="1"/>
						<line number="327" hits="1"/>
						<line number="330" hits="1"/>
						<line number="331" hits="1"/>
						<line number="332" hits="1"/>
						<line number="333" hits="1"/>
						<line number="337" hits="1"/>
						<line number="341" hits="0" branch="true" condition-coverage="0% (0/2)" missing-branches="342,344"/>
						<line number="342" hits="0"/>
						<line number="344" hits="0" branch="true" condition-coverage="0% (0/2)" missing-branches="exit,345"/>
						<line number="345" hits="0"/>
						<line number="347" hits="1"/>
						<line number="348" hits="0"/>
						<line number="353" hits="0"/>
						<line number="359" hits="1"/>
						<line number="378" hits="1" branch="true" condition-coverage="50% (1/2)" missing-branches="379"/>
						<line number="379" hits="0"/>
						<line number="380" hits="1" branch="true" condition-coverage="50% (1/2)" missing-branches="381"/>
						<line number="381" hits="0"/>
						<line number="382" hits="1"/>
						<line number="385" hits="1"/>
						<line number="386" hits="1"/>
						<line number="387" hits="1"/>
						<line number="388" hits="1"/>
						<line number="389" hits="1"/>
						<line number="391" hits="1"/>
						<line number="395" hits="0" branch="true" condition-coverage="0% (0/2)" missing-branches="396,398"/>
						<line number="396" hits="0"/>
						<line number="398" hits="0" branch="true" condition-coverage="0% (0/2)" missing-branches="exit,399"/>
						<line number="399" hits="0" branch="true" condition-coverage="0% (0/2)" missing-branches="400,401"/>
						<line number="400" hits="0"/>
						<line number="401" hits="0" branch="true" condition-coverage="0% (0/2)" missing-branches="398,402"/>
						<line number="402" hits="0"/>
						<line number="404" hits="1"/>
						<line number="405" hits="0"/>
						<line number="408" hits="1"/>
						<line number="442" hits="0" branch="true" condition-coverage="0% (0/2)" missing-branches="443,448"/>
						<line number="443" hits="0"/>
						<line number="446" hits="0"/>
						<line number="448" hits="0" branch="true" condition-coverage="0% (0/2)" missing-branches="449,450"/>
						<line number="449" hits="0"/>
						<line number="450" hits="0" branch="true" condition-coverage="0% (0/2)" missing-branches="451,452"/>
						<line number="451" hits="0"/>
						<line number="452" hits="0" branch="true" condition-coverage="0% (0/2)" missing-branches="453,455"/>
						<line number="453" hits="0"/>
						<line number="455" hits="0"/>
						<line number="458" hits="1"/>
						<line number="459" hits="1"/>
						<line number="460" hits="1"/>
						<line number="461" hits="1"/>
						<line number="462" hits="1"/>
						<line number="464" hits="1"/>
						<line number="468" hits="0" branch="true" condition-coverage="0% (0/2)" missing-branches="exit,469"/>
						<line number="469" hits="0"/>
						<line number="470" hits="0"/>
						<line number="472" hits="1"/>
						<line number="473" hits="0"/>
						<line number="476" hits="1"/>
						<line number="488" hits="0"/>
						<line number="491" hits="1"/>
						<line number="503" hits="0"/>
						<line number="506" hits="1"/>
						<line number="518" hits="0"/>
						<line number="521" hits="1"/>
						<line number="533" hits="0"/>
						<line number="536" hits="1"/>
						<line number="537" hits="1"/>
						<line number="538" hits="1"/>
						<line number="540" hits="1"/>
						<line number="544" hits="0" branch="true" condition-coverage="0% (0/2)" missing-branches="exit,545"/>
						<line number="545" hits="0"/>
						<line number="546" hits="0"/>
						<line number="548" hits="1"/>
						<line number="549" hits="0"/>
						<line number="552" hits="1"/>
						<line number="562" hits="0"/>
						<line number="565" hits="1"/>
						<line number="566" hits="1"/>
						<line number="567" hits="1"/>
						<line number="569" hits="1"/>
						<line number="573" hits="0" branch="true" condition-coverage="0% (0/2)" missing-branches="exit,574"/>
						<line number="574" hits="0"/>
						<line number="575" hits="0"/>
						<line number="577" hits="1"/>
						<line number="578" hits="0"/>
						<line number="581" hits="1"/>
						<line number="591" hits="0"/>
						<line number="594" hits="1"/>
						<line number="595" hits="1"/>
						<line number="596" hits="1"/>
						<line number="598" hits="1"/>
						<line number="602" hits="0" branch="true" condition-coverage="0% (0/2)" missing-branches="exit,603"/>
						<line number="603" hits="0"/>
						<line number="604" hits="0"/>
						<line number="611" hits="1"/>
						<line number="612" hits="0"/>
						<line number="615" hits="1"/>
						<line number="629" hits="1"/>
						<line number="632" hits="1"/>
						<line number="633" hits="1"/>
						<line number="634" hits="1"/>
						<line number="635" hits="1"/>
						<line number="641" hits="1"/>
						<line number="648" hits="1"/>
						<line number="649" hits="0"/>
						<line number="650" hits="0"/>
						<line number="651" hits="0"/>
						<line number="652" hits="0"/>
						<line number="654" hits="0"/>
						<line number="665" hits="1"/>
						<line number="666" hits="0"/>
						<line number="669" hits="1"/>
						<line number="698" hits="0"/>
						<line number="699" hits="0"/>
						<line number="700" hits="0"/>
						<line number="701" hits="0"/>
						<line number="702" hits="0"/>
						<line number="705" hits="1"/>
						<line number="706" hits="1"/>
						<line number="707" hits="1"/>
						<line number="709" hits="1"/>
						<line number="710" hits="0" branch="true" condition-coverage="0% (0/2)" missing-branches="711,718"/>
						<line number="711" hits="0"/>
						<line number="712" hits="0"/>
						<line number="713" hits="0"/>
						<line number="714" hits="0"/>
						<line number="716" hits="0"/>
						<line number="718" hits="0"/>
						<line number="719" hits="0"/>
						<line number="721" hits="1"/>
						<line number="722" hits="0"/>
						<line number="725" hits="1"/>
						<line number="744" hits="0"/>
						<line number="745" hits="0" branch="true" condition-coverage="0% (0/2)" missing-branches="746,748"/>
						<line number="746" hits="0"/>
						<line number="748" hits="0"/>
					</lines>
				</class>
			</classes>
		</package>
	</packages>
</coverage>
